c:\users\dervis\desktop\cdburnapp\x64\debug\cdburnapp.pch
c:\users\dervis\desktop\cdburnapp\x64\debug\vc143.pdb
c:\users\dervis\desktop\cdburnapp\x64\debug\vc143.idb
c:\users\dervis\desktop\cdburnapp\x64\debug\pch.obj
c:\users\dervis\desktop\cdburnapp\x64\debug\file.obj
c:\users\dervis\desktop\cdburnapp\x64\debug\encrypt.obj
c:\users\dervis\desktop\cdburnapp\x64\debug\discrecorder.obj
c:\users\dervis\desktop\cdburnapp\x64\debug\discmaster.obj
c:\users\dervis\desktop\cdburnapp\x64\debug\discformat2data.obj
c:\users\dervis\desktop\cdburnapp\x64\debug\cdburnappdlg.obj
c:\users\dervis\desktop\cdburnapp\x64\debug\cdburnapp.obj
c:\users\dervis\desktop\cdburnapp\x64\debug\base.obj
c:\users\dervis\desktop\cdburnapp\x64\debug\directory.obj
c:\users\dervis\desktop\cdburnapp\x64\debug\cdburnapp.res
c:\users\dervis\desktop\cdburnapp\x64\debug\cdburnapp.pdb
c:\users\dervis\desktop\cdburnapp\x64\debug\cdburnapp.tlog\cl.command.1.tlog
c:\users\dervis\desktop\cdburnapp\x64\debug\cdburnapp.tlog\cl.read.1.tlog
c:\users\dervis\desktop\cdburnapp\x64\debug\cdburnapp.tlog\cl.write.1.tlog
c:\users\dervis\desktop\cdburnapp\x64\debug\cdburnapp.tlog\link-cvtres.read.1.tlog
c:\users\dervis\desktop\cdburnapp\x64\debug\cdburnapp.tlog\link-cvtres.write.1.tlog
c:\users\dervis\desktop\cdburnapp\x64\debug\cdburnapp.tlog\link-mt.read.1.tlog
c:\users\dervis\desktop\cdburnapp\x64\debug\cdburnapp.tlog\link-mt.write.1.tlog
c:\users\dervis\desktop\cdburnapp\x64\debug\cdburnapp.tlog\link-rc.read.1.tlog
c:\users\dervis\desktop\cdburnapp\x64\debug\cdburnapp.tlog\link-rc.write.1.tlog
c:\users\dervis\desktop\cdburnapp\x64\debug\cdburnapp.tlog\link.command.1.tlog
c:\users\dervis\desktop\cdburnapp\x64\debug\cdburnapp.tlog\link.read.1.tlog
c:\users\dervis\desktop\cdburnapp\x64\debug\cdburnapp.tlog\link.read.2.tlog
c:\users\dervis\desktop\cdburnapp\x64\debug\cdburnapp.tlog\link.read.3.tlog
c:\users\dervis\desktop\cdburnapp\x64\debug\cdburnapp.tlog\link.read.4.tlog
c:\users\dervis\desktop\cdburnapp\x64\debug\cdburnapp.tlog\link.write.1.tlog
c:\users\dervis\desktop\cdburnapp\x64\debug\cdburnapp.tlog\rc.command.1.tlog
c:\users\dervis\desktop\cdburnapp\x64\debug\cdburnapp.tlog\rc.read.1.tlog
c:\users\dervis\desktop\cdburnapp\x64\debug\cdburnapp.tlog\rc.write.1.tlog
